Using pre-set license
Built from '2020.2/release' branch; Version is '2020.2.2f1 (068178b99f32) revision 426360'; Using compiler version '192528614'; Build Type 'Release'
OS: 'Windows 10 Home Single Language; OS build 19042.746; Version 2009; 64bit' Language: 'tr' Physical Memory: 12172 MB
BatchMode: 1, IsHumanControllingUs: 0, StartBugReporterOnCrash: 0, Is64bit: 1, IsPro: 0

 COMMAND LINE ARGUMENTS:
C:\Program Files\Unity\Hub\Editor\2020.2.2f1\Editor\Unity.exe
-adb2
-batchMode
-noUpm
-name
AssetImportWorker0
-projectPath
C:/Users/eacun/Desktop/unity/Fighthing/Fighting Game
-logFile
Logs/AssetImportWorker0.log
-srvPort
63615
Successfully changed project path to: C:/Users/eacun/Desktop/unity/Fighthing/Fighting Game
C:/Users/eacun/Desktop/unity/Fighthing/Fighting Game
Using Asset Import Pipeline V2.
Refreshing native plugins compatible for Editor in 413.72 ms, found 3 plugins.
Preloading 0 native plugins for Editor in 0.00 ms.
Initialize engine version: 2020.2.2f1 (068178b99f32)
[Subsystems] Discovering subsystems at path C:/Program Files/Unity/Hub/Editor/2020.2.2f1/Editor/Data/Resources/UnitySubsystems
[Subsystems] Discovering subsystems at path C:/Users/eacun/Desktop/unity/Fighthing/Fighting Game/Assets
GfxDevice: creating device client; threaded=0
Direct3D:
    Version:  Direct3D 11.0 [level 11.0]
    Renderer: NVIDIA GeForce 940MX (ID=0x134d)
    Vendor:   
    VRAM:     2010 MB
    Driver:   27.21.14.6079
Initialize mono
Mono path[0] = 'C:/Program Files/Unity/Hub/Editor/2020.2.2f1/Editor/Data/Managed'
Mono path[1] = 'C:/Program Files/Unity/Hub/Editor/2020.2.2f1/Editor/Data/MonoBleedingEdge/lib/mono/unityjit'
Mono config path = 'C:/Program Files/Unity/Hub/Editor/2020.2.2f1/Editor/Data/MonoBleedingEdge/etc'
Using monoOptions --debugger-agent=transport=dt_socket,embedding=1,server=y,suspend=n,address=127.0.0.1:56984
Begin MonoManager ReloadAssembly
Registering precompiled unity dll's ...
Register platform support module: C:/Program Files/Unity/Hub/Editor/2020.2.2f1/Editor/Data/PlaybackEngines/WindowsStandaloneSupport/UnityEditor.WindowsStandalone.Extensions.dll
Registered in 0.002826 seconds.
Native extension for WindowsStandalone target not found
Refreshing native plugins compatible for Editor in 124.24 ms, found 3 plugins.
Preloading 0 native plugins for Editor in 0.00 ms.
Invoked RoslynAnalysisRunner static constructor.
RoslynAnalysisRunner will not be running.
RoslynAnalysisRunner has terminated.
Mono: successfully reloaded assembly
- Completed reload, in  5.637 seconds
Platform modules already initialized, skipping
Registering precompiled user dll's ...
Registered in 0.011958 seconds.
Begin MonoManager ReloadAssembly
Error: Could not load signature of Unity.Android.Logcat.AndroidLogcat:.ctor due to: Could not load file or assembly 'UnityEditor.Android.Extensions, Version=1.0.0.0, Culture=neutral, PublicKeyToken=null' or one of its dependencies. assembly:UnityEditor.Android.Extensions, Version=1.0.0.0, Culture=neutral, PublicKeyToken=null type:<unknown type> member:(null) signature:<none>
0x00007ff75f0ff02c (Unity) StackWalker::GetCurrentCallstack
0x00007ff75f107409 (Unity) StackWalker::ShowCallstack
0x00007ff7605cfafc (Unity) GetStacktrace
0x00007ff7616aaf63 (Unity) DebugStringToFile
0x00007ff75ef259eb (Unity) ScanForAttributesAndInterfaceImplementations
0x00007ff75ef38dba (Unity) MonoManager::EndReloadAssembly
0x00007ff75ef3ffe9 (Unity) MonoManager::ReloadAssembly
0x00007ff7602da2a1 (Unity) LoadDomainAndUserAssemblies
0x00007ff7602da74e (Unity) LoadUserAssemblies
0x00007ff75fc67ee1 (Unity) Application::InitializeProject
0x00007ff7605dd0b2 (Unity) WinMain
0x00007ff762440c66 (Unity) __scrt_common_main_seh
0x00007ffac7b77034 (KERNEL32) BaseThreadInitThunk
0x00007ffac985d0d1 (ntdll) RtlUserThreadStart

Unloading broken assembly Library/ScriptAssemblies/Unity.Mobile.AndroidLogcat.Editor.dll, this assembly can cause crashes in the runtime
0x00007ff75f0ff02c (Unity) StackWalker::GetCurrentCallstack
0x00007ff75f107409 (Unity) StackWalker::ShowCallstack
0x00007ff7605cfafc (Unity) GetStacktrace
0x00007ff7616aaf63 (Unity) DebugStringToFile
0x00007ff75ef41b39 (Unity) MonoManager::SetupLoadedEditorAssemblies
0x00007ff75ef3910c (Unity) MonoManager::EndReloadAssembly
0x00007ff75ef3ffe9 (Unity) MonoManager::ReloadAssembly
0x00007ff7602da2a1 (Unity) LoadDomainAndUserAssemblies
0x00007ff7602da74e (Unity) LoadUserAssemblies
0x00007ff75fc67ee1 (Unity) Application::InitializeProject
0x00007ff7605dd0b2 (Unity) WinMain
0x00007ff762440c66 (Unity) __scrt_common_main_seh
0x00007ffac7b77034 (KERNEL32) BaseThreadInitThunk
0x00007ffac985d0d1 (ntdll) RtlUserThreadStart

Native extension for WindowsStandalone target not found
Refreshing native plugins compatible for Editor in 85.95 ms, found 3 plugins.
Preloading 0 native plugins for Editor in 0.00 ms.
Invoked RoslynAnalysisRunner static constructor.
RoslynAnalysisRunner will not be running.
RoslynAnalysisRunner has terminated.
Mono: successfully reloaded assembly
- Completed reload, in  4.024 seconds
Platform modules already initialized, skipping
========================================================================
Worker process is ready to serve import requests
Launched and connected shader compiler UnityShaderCompiler.exe after 0.13 seconds
Refreshing native plugins compatible for Editor in 2.22 ms, found 3 plugins.
Preloading 0 native plugins for Editor in 0.00 ms.
Unloading 1925 Unused Serialized files (Serialized files now loaded: 0)
System memory in use before: 88.9 MB.
System memory in use after: 89.0 MB.

Unloading 49 unused Assets to reduce memory usage. Loaded Objects now: 2383.
Total: 4.343300 ms (FindLiveObjects: 0.338800 ms CreateObjectMapping: 0.140100 ms MarkObjects: 3.746700 ms  DeleteObjects: 0.115400 ms)

========================================================================
Received Import Request.
  path: Assets/Plugins/GitHub/Editor
  artifactKey: Guid(cad92998c5182496e8b989b406d9f156) Importer(815301076,1909f56bfc062723c751e8b465ee728b)
Start importing Assets/Plugins/GitHub/Editor using Guid(cad92998c5182496e8b989b406d9f156) Importer(815301076,1909f56bfc062723c751e8b465ee728b)  -> (artifact id: 'fe9424c4160a2908312370ab37d26f22') in 0.027455 seconds
  Import took 0.037287 seconds .

========================================================================
Received Import Request.
  Time since last request: 0.000230 seconds.
  path: Assets/Plugins/GitHub/Editor/big-logo@2x.png
  artifactKey: Guid(f81094832d834c64d93b198cb16b6a3e) Importer(815301076,1909f56bfc062723c751e8b465ee728b)
Start importing Assets/Plugins/GitHub/Editor/big-logo@2x.png using Guid(f81094832d834c64d93b198cb16b6a3e) Importer(815301076,1909f56bfc062723c751e8b465ee728b)  -> (artifact id: 'e9ae6d920854c0289f182d6934a1447b') in 0.599328 seconds
  Import took 0.618592 seconds .

AssetImportWorkerClient::OnTransportError - code=2 error=End of file
